<?xml version="1.0" encoding="UTF-8"?>
<!-- Generated by org.testng.reporters.JUnitReportReporter -->
<testsuite hostname="LAPTOP-C05A25AI" failures="0" tests="2" name="selenium.MyFirstMavenProject.AppTest" time="0.009" errors="0" timestamp="2022-01-30T19:33:28 IST" skipped="0">
  <testcase classname="selenium.MyFirstMavenProject.AppTest" name="shouldAnswerWithTrue" time="0.001"/>
  <system-out/>
  <testcase classname="selenium.MyFirstMavenProject.AppTest" name="shouldAnswerWithFalse" time="0.008"/>
  <system-out/>
</testsuite> <!-- selenium.MyFirstMavenProject.AppTest -->
