<?xml version="1.0" encoding="UTF-8"?>
<!-- Generated by org.testng.reporters.JUnitReportReporter -->
<testsuite hostname="LAPTOP-C05A25AI" failures="0" tests="6" name="test2.AttributesofTestAnnotation" time="0.017" errors="0" timestamp="2022-05-02T06:51:37 IST" skipped="1">
  <testcase classname="test2.AttributesofTestAnnotation" name="verifyUserCanLogin" time="0.013"/>
  <system-out/>
  <testcase classname="test2.AttributesofTestAnnotation" name="test" time="0.000"/>
  <system-out/>
  <testcase classname="test2.AttributesofTestAnnotation" name="test" time="0.001"/>
  <system-out/>
  <testcase classname="test2.AttributesofTestAnnotation" name="verifyUserCanSendMail" time="0.002"/>
  <system-out/>
  <testcase classname="test2.AttributesofTestAnnotation" name="test" time="0.001"/>
  <system-out/>
  <testcase classname="test2.AttributesofTestAnnotation" name="verifyTitleofWebPage">
    <skipped/>
  </testcase> <!-- verifyTitleofWebPage -->
  <system-out/>
</testsuite> <!-- test2.AttributesofTestAnnotation -->
