<?xml version="1.0" encoding="UTF-8"?>
<!-- Generated by org.testng.reporters.JUnitReportReporter -->
<testsuite hostname="LAPTOP-C05A25AI" failures="0" tests="6" name="test.AttributesofTestAnnotation" time="0.012" errors="0" timestamp="2022-01-31T06:15:33 IST" skipped="1">
  <testcase classname="test.AttributesofTestAnnotation" name="verifyUserCanSendMail" time="0.001"/>
  <system-out/>
  <testcase classname="test.AttributesofTestAnnotation" name="test" time="0.001"/>
  <system-out/>
  <testcase classname="test.AttributesofTestAnnotation" name="verifyUserCanLogin" time="0.008"/>
  <system-out/>
  <testcase classname="test.AttributesofTestAnnotation" name="test" time="0.001"/>
  <system-out/>
  <testcase classname="test.AttributesofTestAnnotation" name="test" time="0.001"/>
  <system-out/>
  <testcase classname="test.AttributesofTestAnnotation" name="verifyTitleofWebPage">
    <skipped/>
  </testcase> <!-- verifyTitleofWebPage -->
  <system-out/>
</testsuite> <!-- test.AttributesofTestAnnotation -->
