<?xml version="1.0" encoding="UTF-8"?>
<!-- Generated by org.testng.reporters.JUnitReportReporter -->
<testsuite hostname="LAPTOP-C05A25AI" failures="0" tests="4" name="testng.MyTest" time="0.009" errors="0" timestamp="2022-03-26T18:23:04 IST" skipped="0">
  <testcase classname="testng.MyTest" name="method3" time="0.004"/>
  <system-out/>
  <testcase classname="testng.MyTest" name="method1" time="0.002"/>
  <system-out/>
  <testcase classname="testng.MyTest" name="method2" time="0.002"/>
  <system-out/>
  <testcase classname="testng.MyTest" name="method4" time="0.001"/>
  <system-out/>
</testsuite> <!-- testng.MyTest -->
