<?xml version="1.0" encoding="UTF-8"?>
<!-- Generated by org.testng.reporters.JUnitReportReporter -->
<testsuite hostname="LAPTOP-C05A25AI" failures="0" tests="2" name="testng.BaseClass" time="0.001" errors="0" timestamp="2022-01-31T07:12:07 IST" skipped="0">
  <testcase classname="testng.BaseClass" name="method3" time="0.001"/>
  <system-out/>
  <testcase classname="testng.BaseClass" name="method4" time="0.000"/>
  <system-out/>
</testsuite> <!-- testng.BaseClass -->
