<?xml version="1.0" encoding="UTF-8"?>
<!-- Generated by org.testng.reporters.JUnitReportReporter -->
<testsuite hostname="LAPTOP-C05A25AI" failures="0" tests="4" name="testng.MyTest" time="0.001" errors="0" timestamp="2024-08-04T21:08:31 IST" skipped="0">
  <testcase classname="testng.MyTest" name="method3" time="0.000"/>
  <system-out/>
  <testcase classname="testng.MyTest" name="method2" time="0.000"/>
  <system-out/>
  <testcase classname="testng.MyTest" name="method1" time="0.000"/>
  <system-out/>
  <testcase classname="testng.MyTest" name="method4" time="0.001"/>
  <system-out/>
</testsuite> <!-- testng.MyTest -->
