<?xml version="1.0" encoding="UTF-8"?>
<!-- Generated by org.testng.reporters.JUnitReportReporter -->
<testsuite hostname="LAPTOP-C05A25AI" failures="0" tests="2" name="selenium.MyFirstMavenProject.AppTest" time="0.003" errors="0" timestamp="2024-08-04T21:08:31 IST" skipped="0">
  <testcase classname="selenium.MyFirstMavenProject.AppTest" name="shouldAnswerWithTrue" time="0.000"/>
  <system-out/>
  <testcase classname="selenium.MyFirstMavenProject.AppTest" name="shouldAnswerWithFalse" time="0.003"/>
  <system-out/>
</testsuite> <!-- selenium.MyFirstMavenProject.AppTest -->
